0 info it worked if it ends with ok
1 verbose cli [ 'D:\\Program Files\\nodejs\\node.exe',
1 verbose cli   'C:\\Users\\15050971\\AppData\\Roaming\\npm\\node_modules\\npm\\bin\\npm-cli.js',
1 verbose cli   'run',
1 verbose cli   'dev-dash' ]
2 info using npm@4.0.5
3 info using node@v4.4.4
4 verbose run-script [ 'predev-dash', 'dev-dash', 'postdev-dash' ]
5 info lifecycle webpack-lab@1.0.0~predev-dash: webpack-lab@1.0.0
6 silly lifecycle webpack-lab@1.0.0~predev-dash: no script for predev-dash, continuing
7 info lifecycle webpack-lab@1.0.0~dev-dash: webpack-lab@1.0.0
8 verbose lifecycle webpack-lab@1.0.0~dev-dash: unsafe-perm in lifecycle true
9 verbose lifecycle webpack-lab@1.0.0~dev-dash: PATH: C:\Users\15050971\AppData\Roaming\npm\node_modules\npm\bin\node-gyp-bin;F:\tinybear\tinybearLab\webpack\node_modules\.bin;C:\ProgramData\Oracle\Java\javapath;D:\RailsInstaller\Git\cmd;D:\RailsInstaller\Ruby2.0.0\bin;C:\Windows\system32;C:\Windows;C:\Windows\System32\Wbem;C:\Windows\System32\WindowsPowerShell\v1.0\;C:\Program Files (x86)\ATI Technologies\ATI.ACE\Core-Static;C:\Program Files\TortoiseSVN\bin;D:\Program Files (x86)\Brackets\command;D:\Python27\;C:\Program Files (x86)\Microsoft Visual Studio 8\VC\vcpackages;C:\Program Files\Microsoft SQL Server\110\Tools\Binn\;C:\Program Files\Microsoft SQL Server\120\Tools\Binn\;D:\Program Files (x86)\Microsoft SQL Server\100\Tools\Binn\;D:\Program Files\Microsoft SQL Server\100\Tools\Binn\;D:\Program Files\Microsoft SQL Server\100\DTS\Binn\;D:\Program Files (x86)\Microsoft SQL Server\100\Tools\Binn\VSShell\Common7\IDE\;D:\Program Files (x86)\Microsoft SQL Server\100\DTS\Binn\;D:\zw;C:\Program Files\Microsoft\Web Platform Installer\;C:\Program Files (x86)\Microsoft ASP.NET\ASP.NET Web Pages\v1.0\;C:\Program Files (x86)\Windows Kits\8.1\Windows Performance Toolkit\;C:\Program Files (x86)\Microsoft SQL Server\110\Tools\Binn\;C:\Program Files\Microsoft SQL Server\110\DTS\Binn\;C:\Program Files (x86)\Microsoft SQL Server\110\Tools\Binn\ManagementStudio\;C:\Program Files (x86)\Microsoft SQL Server\110\DTS\Binn\;D:\Program Files\nvmw\.nvmw\;C:\Program Files (x86)\GtkSharp\2.12\bin;D:\Program Files (x86)\JXcore;D:\Program Files\nodejs\;C:\Users\15050971\AppData\Local\Programs\Python\Python36;D:\cocos\Cocos2d-x\Cocos2d-x-3.10\templates;D:\cocos\Cocos2d-x\Cocos2d-x-3.10\tools\cocos2d-console\bin;D:\Python27;D:\Program Files (x86)\Microsoft VS Code\bin;D:\tools\apache-maven-3.3.3\bin;C:\Users\15050971\AppData\Roaming\npm
10 verbose lifecycle webpack-lab@1.0.0~dev-dash: CWD: F:\tinybear\tinybearLab\webpack
11 silly lifecycle webpack-lab@1.0.0~dev-dash: Args: [ '/d /s /c',
11 silly lifecycle   'webpack-dashboard webpack-dev-server --config webpack-dev-config.js --progress --inline --colors' ]
12 silly lifecycle webpack-lab@1.0.0~dev-dash: Returned: code: 3221225786  signal: null
13 info lifecycle webpack-lab@1.0.0~dev-dash: Failed to exec dev-dash script
14 verbose stack Error: webpack-lab@1.0.0 dev-dash: `webpack-dashboard webpack-dev-server --config webpack-dev-config.js --progress --inline --colors`
14 verbose stack Exit status 3221225786
14 verbose stack     at EventEmitter.<anonymous> (C:\Users\15050971\AppData\Roaming\npm\node_modules\npm\lib\utils\lifecycle.js:279:16)
14 verbose stack     at emitTwo (events.js:87:13)
14 verbose stack     at EventEmitter.emit (events.js:172:7)
14 verbose stack     at ChildProcess.<anonymous> (C:\Users\15050971\AppData\Roaming\npm\node_modules\npm\lib\utils\spawn.js:40:14)
14 verbose stack     at emitTwo (events.js:87:13)
14 verbose stack     at ChildProcess.emit (events.js:172:7)
14 verbose stack     at maybeClose (internal/child_process.js:827:16)
14 verbose stack     at Process.ChildProcess._handle.onexit (internal/child_process.js:211:5)
15 verbose pkgid webpack-lab@1.0.0
16 verbose cwd F:\tinybear\tinybearLab\webpack
17 error Windows_NT 6.1.7601
18 error argv "D:\\Program Files\\nodejs\\node.exe" "C:\\Users\\15050971\\AppData\\Roaming\\npm\\node_modules\\npm\\bin\\npm-cli.js" "run" "dev-dash"
19 error node v4.4.4
20 error npm  v4.0.5
21 error code ELIFECYCLE
22 error webpack-lab@1.0.0 dev-dash: `webpack-dashboard webpack-dev-server --config webpack-dev-config.js --progress --inline --colors`
22 error Exit status 3221225786
23 error Failed at the webpack-lab@1.0.0 dev-dash script 'webpack-dashboard webpack-dev-server --config webpack-dev-config.js --progress --inline --colors'.
23 error Make sure you have the latest version of node.js and npm installed.
23 error If you do, this is most likely a problem with the webpack-lab package,
23 error not with npm itself.
23 error Tell the author that this fails on your system:
23 error     webpack-dashboard webpack-dev-server --config webpack-dev-config.js --progress --inline --colors
23 error You can get information on how to open an issue for this project with:
23 error     npm bugs webpack-lab
23 error Or if that isn't available, you can get their info via:
23 error     npm owner ls webpack-lab
23 error There is likely additional logging output above.
24 verbose exit [ 1, true ]
